<?xml version="1.0" encoding="UTF-8"?>
<!-- Generated by org.testng.reporters.JUnitXMLReporter -->
<testsuite ignored="1" hostname="CTAS-Laptop076" failures="0" tests="4" name="Car Loan" time="0.016" errors="0" timestamp="2024-02-15T16:30:45 ICT">
  <testcase classname="javaTestNG.day3" name="APILoginCarLoad" time="0.001"/>
  <testcase classname="javaTestNG.day3" name="mobileLoginCarLoad" time="0.001"/>
  <testcase classname="javaTestNG.day3" name="mobileSignOutCarLoad" time="0.004"/>
  <testcase classname="javaTestNG.day3" name="webLoginCarLoad" time="0.001"/>
  <testcase classname="javaTestNG.day3" name="mobileSignInCarLoad" time="0.0">
    <ignored/>
  </testcase> <!-- mobileSignInCarLoad -->
</testsuite> <!-- Car Loan -->
