<?xml version="1.0" encoding="UTF-8"?>
<!-- Generated by org.testng.reporters.JUnitXMLReporter -->
<testsuite ignored="1" hostname="CTAS-Laptop076" failures="0" tests="6" name="Car Loan" time="0.031" errors="0" timestamp="2024-02-16T08:49:33 ICT">
  <testcase classname="javaTestNG.day3" name="APILoginCarLoad" time="0.002"/>
  <testcase classname="javaTestNG.day3" name="APILoginCarLoad" time="0.002"/>
  <testcase classname="javaTestNG.day3" name="APILoginCarLoad" time="0.0"/>
  <testcase classname="javaTestNG.day3" name="mobileLoginCarLoad" time="0.001"/>
  <testcase classname="javaTestNG.day3" name="mobileSignOutCarLoad" time="0.007"/>
  <testcase classname="javaTestNG.day3" name="webLoginCarLoad" time="0.001"/>
  <testcase classname="javaTestNG.day3" name="mobileSignInCarLoad" time="0.0">
    <ignored/>
  </testcase> <!-- mobileSignInCarLoad -->
</testsuite> <!-- Car Loan -->
