<?xml version="1.0" encoding="UTF-8"?>
<!-- Generated by org.testng.reporters.JUnitXMLReporter -->
<testsuite ignored="0" hostname="CTAS-Laptop076" failures="0" tests="4" name="Personal Loan" time="0.072" errors="0" timestamp="2024-02-16T08:49:33 ICT">
  <testcase classname="javaTestNG.day2" name="demo" time="0.009"/>
  <testcase classname="javaTestNG.day2" name="demo2" time="0.001"/>
  <testcase classname="javaTestNG.day1" name="home" time="0.001"/>
  <testcase classname="javaTestNG.day1" name="login" time="0.002"/>
</testsuite> <!-- Personal Loan -->
