<?xml version="1.0" encoding="UTF-8"?>
<!-- Generated by org.testng.reporters.JUnitXMLReporter -->
<testsuite ignored="6" hostname="CTAS-Laptop076" failures="0" tests="3" name="Personal Loan" time="0.057" errors="0" timestamp="2024-02-15T14:09:12 ICT">
  <testcase classname="javaTestNG.day3" name="webLoginCarLoad" time="0.006"/>
  <testcase classname="javaTestNG.day2" name="demo2" time="0.001"/>
  <testcase classname="javaTestNG.day1" name="login" time="0.001"/>
  <testcase classname="javaTestNG.day3" name="mobileLoginCarLoad" time="0.0">
    <ignored/>
  </testcase> <!-- mobileLoginCarLoad -->
  <testcase classname="javaTestNG.day1" name="home" time="0.0">
    <ignored/>
  </testcase> <!-- home -->
  <testcase classname="javaTestNG.day3" name="APILoginCarLoad" time="0.0">
    <ignored/>
  </testcase> <!-- APILoginCarLoad -->
  <testcase classname="javaTestNG.day3" name="mobileSignOutCarLoad" time="0.0">
    <ignored/>
  </testcase> <!-- mobileSignOutCarLoad -->
  <testcase classname="javaTestNG.day2" name="demo" time="0.0">
    <ignored/>
  </testcase> <!-- demo -->
  <testcase classname="javaTestNG.day3" name="mobileSignInCarLoad" time="0.0">
    <ignored/>
  </testcase> <!-- mobileSignInCarLoad -->
</testsuite> <!-- Personal Loan -->
