<?xml version="1.0" encoding="UTF-8"?>
<testng-results ignored="0" total="2" passed="2" failed="0" skipped="0">
  <reporter-output>
  </reporter-output>
  <suite started-at="2024-02-17T10:57:42 ICT" name="Default suite" finished-at="2024-02-17T10:57:42 ICT" duration-ms="46">
    <groups>
    </groups>
    <test started-at="2024-02-17T10:57:42 ICT" name="Default test" finished-at="2024-02-17T10:57:42 ICT" duration-ms="46">
      <class name="javaTestNG.PS1">
        <test-method is-config="true" signature="runFirst()[pri:0, instance:javaTestNG.PS1@4b45a2f5]" started-at="2024-02-17T10:57:42 ICT" name="runFirst" finished-at="2024-02-17T10:57:42 ICT" duration-ms="5" status="PASS">
          <reporter-output>
          </reporter-output>
        </test-method> <!-- runFirst -->
        <test-method signature="doThis()[pri:0, instance:javaTestNG.PS1@4b45a2f5]" started-at="2024-02-17T10:57:42 ICT" name="doThis" finished-at="2024-02-17T10:57:42 ICT" duration-ms="4" status="PASS">
          <reporter-output>
          </reporter-output>
        </test-method> <!-- doThis -->
        <test-method is-config="true" signature="runFirst()[pri:0, instance:javaTestNG.PS1@4b45a2f5]" started-at="2024-02-17T10:57:42 ICT" name="runFirst" finished-at="2024-02-17T10:57:42 ICT" duration-ms="1" status="PASS">
          <reporter-output>
          </reporter-output>
        </test-method> <!-- runFirst -->
        <test-method signature="callPS()[pri:0, instance:javaTestNG.PS1@4b45a2f5]" started-at="2024-02-17T10:57:42 ICT" name="callPS" finished-at="2024-02-17T10:57:42 ICT" duration-ms="1" status="PASS">
          <reporter-output>
          </reporter-output>
        </test-method> <!-- callPS -->
      </class> <!-- javaTestNG.PS1 -->
    </test> <!-- Default test -->
  </suite> <!-- Default suite -->
</testng-results>
