<?xml version="1.0" encoding="UTF-8"?>
<testng-results ignored="0" total="9" passed="9" failed="0" skipped="0">
  <reporter-output>
  </reporter-output>
  <suite started-at="2024-02-15T10:11:06 ICT" name="Loan Departement" finished-at="2024-02-15T10:11:06 ICT" duration-ms="113">
    <groups>
    </groups>
    <test started-at="2024-02-15T10:11:06 ICT" name="Personal Loan" finished-at="2024-02-15T10:11:06 ICT" duration-ms="51">
      <class name="javaTestNG.day2">
        <test-method signature="demo()[pri:0, instance:javaTestNG.day2@f0da945]" started-at="2024-02-15T10:11:06 ICT" name="demo" finished-at="2024-02-15T10:11:06 ICT" duration-ms="7" status="PASS">
          <reporter-output>
          </reporter-output>
        </test-method> <!-- demo -->
        <test-method signature="demo2()[pri:0, instance:javaTestNG.day2@f0da945]" started-at="2024-02-15T10:11:06 ICT" name="demo2" finished-at="2024-02-15T10:11:06 ICT" duration-ms="1" status="PASS">
          <reporter-output>
          </reporter-output>
        </test-method> <!-- demo2 -->
      </class> <!-- javaTestNG.day2 -->
      <class name="javaTestNG.day1">
        <test-method signature="home()[pri:0, instance:javaTestNG.day1@290222c1]" started-at="2024-02-15T10:11:06 ICT" name="home" finished-at="2024-02-15T10:11:06 ICT" duration-ms="1" status="PASS">
          <reporter-output>
          </reporter-output>
        </test-method> <!-- home -->
        <test-method signature="login()[pri:0, instance:javaTestNG.day1@290222c1]" started-at="2024-02-15T10:11:06 ICT" name="login" finished-at="2024-02-15T10:11:06 ICT" duration-ms="1" status="PASS">
          <reporter-output>
          </reporter-output>
        </test-method> <!-- login -->
      </class> <!-- javaTestNG.day1 -->
    </test> <!-- Personal Loan -->
    <test started-at="2024-02-15T10:11:06 ICT" name="Car Loan" finished-at="2024-02-15T10:11:06 ICT" duration-ms="12">
      <class name="javaTestNG.day3">
        <test-method signature="APILoginCarLoad()[pri:0, instance:javaTestNG.day3@2e385cce]" started-at="2024-02-15T10:11:06 ICT" name="APILoginCarLoad" finished-at="2024-02-15T10:11:06 ICT" duration-ms="1" status="PASS">
          <reporter-output>
          </reporter-output>
        </test-method> <!-- APILoginCarLoad -->
        <test-method signature="mobileLoginCarLoad()[pri:0, instance:javaTestNG.day3@2e385cce]" started-at="2024-02-15T10:11:06 ICT" name="mobileLoginCarLoad" finished-at="2024-02-15T10:11:06 ICT" duration-ms="2" status="PASS">
          <reporter-output>
          </reporter-output>
        </test-method> <!-- mobileLoginCarLoad -->
        <test-method signature="mobileSignInCarLoad()[pri:0, instance:javaTestNG.day3@2e385cce]" started-at="2024-02-15T10:11:06 ICT" name="mobileSignInCarLoad" finished-at="2024-02-15T10:11:06 ICT" duration-ms="1" status="PASS">
          <reporter-output>
          </reporter-output>
        </test-method> <!-- mobileSignInCarLoad -->
        <test-method signature="mobileSignOutCarLoad()[pri:0, instance:javaTestNG.day3@2e385cce]" started-at="2024-02-15T10:11:06 ICT" name="mobileSignOutCarLoad" finished-at="2024-02-15T10:11:06 ICT" duration-ms="1" status="PASS">
          <reporter-output>
          </reporter-output>
        </test-method> <!-- mobileSignOutCarLoad -->
        <test-method signature="webLoginCarLoad()[pri:0, instance:javaTestNG.day3@2e385cce]" started-at="2024-02-15T10:11:06 ICT" name="webLoginCarLoad" finished-at="2024-02-15T10:11:06 ICT" duration-ms="1" status="PASS">
          <reporter-output>
          </reporter-output>
        </test-method> <!-- webLoginCarLoad -->
      </class> <!-- javaTestNG.day3 -->
    </test> <!-- Car Loan -->
  </suite> <!-- Loan Departement -->
</testng-results>
